Building DAG of jobs...
Using shell: /bin/bash
Provided cores: 2
Rules claiming more threads will be scaled down.
Job counts:
	count	jobs
	1	all
	1	minimap2
	1	parse_mapping
	1	unzip
	4

[Mon May  8 23:55:36 2023]
rule unzip:
    input: /var/lib/minknow/data/Tz_Rabies/KCRI_08_May_2023/20230508_1321_MN27883_FAU42930_db906963/fastq_pass/barcode02/FAU42930_pass_barcode02_db906963_a47dd033_6.fastq.gz
    output: /home/artic/Github/artic-rabv/rampart/annotations/barcode02/temp/FAU42930_pass_barcode02_db906963_a47dd033_6.fastq
    jobid: 2
    wildcards: filename_stem=FAU42930_pass_barcode02_db906963_a47dd033_6

[Mon May  8 23:55:37 2023]
Finished job 2.
1 of 4 steps (25%) done

[Mon May  8 23:55:37 2023]
rule minimap2:
    input: /home/artic/Github/artic-rabv/rampart/annotations/barcode02/temp/FAU42930_pass_barcode02_db906963_a47dd033_6.fastq, /home/artic/Github/realtime-rabies/rampart/tza_protocol/references.fasta
    output: /home/artic/Github/artic-rabv/rampart/annotations/barcode02/temp/FAU42930_pass_barcode02_db906963_a47dd033_6.paf
    jobid: 3
    wildcards: filename_stem=FAU42930_pass_barcode02_db906963_a47dd033_6
    threads: 2

[Mon May  8 23:55:38 2023]
Finished job 3.
2 of 4 steps (50%) done

[Mon May  8 23:55:38 2023]
rule parse_mapping:
    input: /home/artic/Github/artic-rabv/rampart/annotations/barcode02/temp/FAU42930_pass_barcode02_db906963_a47dd033_6.fastq, /home/artic/Github/artic-rabv/rampart/annotations/barcode02/temp/FAU42930_pass_barcode02_db906963_a47dd033_6.paf, /home/artic/Github/realtime-rabies/rampart/tza_protocol/references.fasta
    output: /home/artic/Github/artic-rabv/rampart/annotations/barcode02/FAU42930_pass_barcode02_db906963_a47dd033_6.csv
    jobid: 1
    wildcards: filename_stem=FAU42930_pass_barcode02_db906963_a47dd033_6

Removing temporary output file /home/artic/Github/artic-rabv/rampart/annotations/barcode02/temp/FAU42930_pass_barcode02_db906963_a47dd033_6.fastq.
Removing temporary output file /home/artic/Github/artic-rabv/rampart/annotations/barcode02/temp/FAU42930_pass_barcode02_db906963_a47dd033_6.paf.
[Mon May  8 23:55:38 2023]
Finished job 1.
3 of 4 steps (75%) done

[Mon May  8 23:55:38 2023]
localrule all:
    input: /home/artic/Github/artic-rabv/rampart/annotations/barcode02/FAU42930_pass_barcode02_db906963_a47dd033_6.csv
    jobid: 0

[Mon May  8 23:55:38 2023]
Finished job 0.
4 of 4 steps (100%) done
Complete log: /home/artic/Github/artic-rabv/rampart/.snakemake/log/2023-05-08T235536.866351.snakemake.log
