Building DAG of jobs...
Using shell: /bin/bash
Provided cores: 2
Rules claiming more threads will be scaled down.
Job counts:
	count	jobs
	1	all
	1	minimap2
	1	parse_mapping
	1	unzip
	4

[Tue May  9 11:42:02 2023]
rule unzip:
    input: /var/lib/minknow/data/Tz_Rabies/KCRI_08_May_2023/20230508_1321_MN27883_FAU42930_db906963/fastq_pass/barcode06/FAU42930_pass_barcode06_db906963_a47dd033_5.fastq.gz
    output: /home/artic/Github/artic-rabv/rampart/annotations/barcode06/temp/FAU42930_pass_barcode06_db906963_a47dd033_5.fastq
    jobid: 2
    wildcards: filename_stem=FAU42930_pass_barcode06_db906963_a47dd033_5

[Tue May  9 11:42:03 2023]
Finished job 2.
1 of 4 steps (25%) done

[Tue May  9 11:42:03 2023]
rule minimap2:
    input: /home/artic/Github/artic-rabv/rampart/annotations/barcode06/temp/FAU42930_pass_barcode06_db906963_a47dd033_5.fastq, /home/artic/Github/artic-rabv/rampart/tza_protocol/rabv_ea/references.fasta
    output: /home/artic/Github/artic-rabv/rampart/annotations/barcode06/temp/FAU42930_pass_barcode06_db906963_a47dd033_5.paf
    jobid: 3
    wildcards: filename_stem=FAU42930_pass_barcode06_db906963_a47dd033_5
    threads: 2

[Tue May  9 11:42:04 2023]
Finished job 3.
2 of 4 steps (50%) done

[Tue May  9 11:42:04 2023]
rule parse_mapping:
    input: /home/artic/Github/artic-rabv/rampart/annotations/barcode06/temp/FAU42930_pass_barcode06_db906963_a47dd033_5.fastq, /home/artic/Github/artic-rabv/rampart/annotations/barcode06/temp/FAU42930_pass_barcode06_db906963_a47dd033_5.paf, /home/artic/Github/artic-rabv/rampart/tza_protocol/rabv_ea/references.fasta
    output: /home/artic/Github/artic-rabv/rampart/annotations/barcode06/FAU42930_pass_barcode06_db906963_a47dd033_5.csv
    jobid: 1
    wildcards: filename_stem=FAU42930_pass_barcode06_db906963_a47dd033_5

Terminating processes on user request, this might take some time.
