Building DAG of jobs...
Using shell: /bin/bash
Provided cores: 2
Rules claiming more threads will be scaled down.
Job counts:
	count	jobs
	1	all
	1	minimap2
	1	parse_mapping
	1	unzip
	4

[Tue May  9 11:00:33 2023]
rule unzip:
    input: /var/lib/minknow/data/Tz_Rabies/KCRI_08_May_2023/20230508_1321_MN27883_FAU42930_db906963/fastq_pass/barcode04/FAU42930_pass_barcode04_db906963_a47dd033_46.fastq.gz
    output: /home/artic/Github/artic-rabv/rampart/annotations/barcode04/temp/FAU42930_pass_barcode04_db906963_a47dd033_46.fastq
    jobid: 2
    wildcards: filename_stem=FAU42930_pass_barcode04_db906963_a47dd033_46

[Tue May  9 11:00:34 2023]
Finished job 2.
1 of 4 steps (25%) done

[Tue May  9 11:00:34 2023]
rule minimap2:
    input: /home/artic/Github/artic-rabv/rampart/annotations/barcode04/temp/FAU42930_pass_barcode04_db906963_a47dd033_46.fastq, /home/artic/Github/artic-rabv/rampart/tza_protocol/rabv_ea/references.fasta
    output: /home/artic/Github/artic-rabv/rampart/annotations/barcode04/temp/FAU42930_pass_barcode04_db906963_a47dd033_46.paf
    jobid: 3
    wildcards: filename_stem=FAU42930_pass_barcode04_db906963_a47dd033_46
    threads: 2

[Tue May  9 11:00:35 2023]
Finished job 3.
2 of 4 steps (50%) done

[Tue May  9 11:00:35 2023]
rule parse_mapping:
    input: /home/artic/Github/artic-rabv/rampart/annotations/barcode04/temp/FAU42930_pass_barcode04_db906963_a47dd033_46.fastq, /home/artic/Github/artic-rabv/rampart/annotations/barcode04/temp/FAU42930_pass_barcode04_db906963_a47dd033_46.paf, /home/artic/Github/artic-rabv/rampart/tza_protocol/rabv_ea/references.fasta
    output: /home/artic/Github/artic-rabv/rampart/annotations/barcode04/FAU42930_pass_barcode04_db906963_a47dd033_46.csv
    jobid: 1
    wildcards: filename_stem=FAU42930_pass_barcode04_db906963_a47dd033_46

Removing temporary output file /home/artic/Github/artic-rabv/rampart/annotations/barcode04/temp/FAU42930_pass_barcode04_db906963_a47dd033_46.fastq.
Removing temporary output file /home/artic/Github/artic-rabv/rampart/annotations/barcode04/temp/FAU42930_pass_barcode04_db906963_a47dd033_46.paf.
[Tue May  9 11:00:36 2023]
Finished job 1.
3 of 4 steps (75%) done

[Tue May  9 11:00:36 2023]
localrule all:
    input: /home/artic/Github/artic-rabv/rampart/annotations/barcode04/FAU42930_pass_barcode04_db906963_a47dd033_46.csv
    jobid: 0

[Tue May  9 11:00:36 2023]
Finished job 0.
4 of 4 steps (100%) done
Complete log: /home/artic/Github/artic-rabv/rampart/.snakemake/log/2023-05-09T110033.722520.snakemake.log
